<?xml version="1.0" encoding="UTF-8"?>
<!-- Generated by org.testng.reporters.JUnitReportReporter -->
<testsuite hostname="LAPTOP-OM6DM447" failures="0" tests="1" name="HerokuApp.webdriverUse" time="5.556" errors="0" timestamp="2024-08-25T23:51:26 IST" skipped="0">
  <testcase classname="HerokuApp.webdriverUse" name="openCheckDropDown" time="5.556"/>
  <system-out/>
</testsuite> <!-- HerokuApp.webdriverUse -->
