<?xml version="1.0" encoding="UTF-8"?>
<!-- Generated by org.testng.reporters.JUnitReportReporter -->
<testsuite hostname="LAPTOP-OM6DM447" failures="0" tests="1" name="com.akm.GenericUtils.JavaUtility" time="0.014" errors="0" timestamp="2024-08-09T16:41:24 IST" skipped="0">
  <testcase classname="com.akm.GenericUtils.JavaUtility" name="getRandomData" time="0.014"/>
  <system-out/>
</testsuite> <!-- com.akm.GenericUtils.JavaUtility -->
