<?xml version="1.0" encoding="UTF-8"?>
<!-- Generated by org.testng.reporters.JUnitReportReporter -->
<testsuite hostname="LAPTOP-OM6DM447" failures="0" tests="3" name="testNgLearn.Annotattions" time="0.015" errors="0" timestamp="2024-08-02T17:29:32 IST" skipped="0">
  <testcase classname="testNgLearn.Annotattions" name="bkm" time="0.013"/>
  <system-out>
    <![CDATA[akm*****]]>
  </system-out>
  <testcase classname="testNgLearn.Annotattions" name="bkm" time="0.001"/>
  <system-out>
    <![CDATA[akm*****]]>
  </system-out>
  <testcase classname="testNgLearn.Annotattions" name="akm" time="0.001"/>
  <system-out/>
</testsuite> <!-- testNgLearn.Annotattions -->
