<?xml version="1.0" encoding="UTF-8"?>
<!-- Generated by org.testng.reporters.JUnitReportReporter -->
<testsuite hostname="LAPTOP-OM6DM447" failures="0" tests="2" name="ExcelltestScripts.importExcelTestData" time="0.686" errors="0" timestamp="2024-08-25T17:53:31 IST" skipped="0">
  <testcase classname="ExcelltestScripts.importExcelTestData" name="createOrg" time="0.652"/>
  <system-out/>
  <testcase classname="ExcelltestScripts.importExcelTestData" name="createOrgWithIndustry" time="0.034"/>
  <system-out/>
</testsuite> <!-- ExcelltestScripts.importExcelTestData -->
