<?xml version="1.0" encoding="UTF-8"?>
<!-- Generated by org.testng.reporters.JUnitReportReporter -->
<testsuite hostname="LAPTOP-OM6DM447" failures="0" tests="2" name="testScripts.SampleTest" time="0.009" errors="0" timestamp="2024-08-11T15:37:35 IST" skipped="0">
  <testcase classname="testScripts.SampleTest" name="createOrg" time="0.008"/>
  <system-out/>
  <testcase classname="testScripts.SampleTest" name="createOrgWithIndustry" time="0.001"/>
  <system-out/>
</testsuite> <!-- testScripts.SampleTest -->
