<?xml version="1.0" encoding="UTF-8"?>
<!-- Generated by org.testng.reporters.JUnitReportReporter -->
<testsuite hostname="LAPTOP-OM6DM447" failures="0" tests="1" name="AllureReport.TestCase1" time="0.053" errors="0" timestamp="2024-08-25T15:54:05 IST" skipped="0">
  <testcase classname="AllureReport.TestCase1" name="testMethod1" time="0.053"/>
  <system-out/>
</testsuite> <!-- AllureReport.TestCase1 -->
