<?xml version="1.0" encoding="UTF-8"?>
<!-- Generated by org.testng.reporters.JUnitReportReporter -->
<testsuite hostname="LAPTOP-OM6DM447" failures="0" tests="4" name="testNGLearn.NewTestClass" time="3.850" errors="0" timestamp="2024-08-19T23:56:59 IST" skipped="0">
  <testcase classname="testNGLearn.NewTestClass" name="validateDashboardPageContent" time="0.794"/>
  <system-out/>
  <testcase classname="testNGLearn.NewTestClass" name="validateTitle" time="0.017"/>
  <system-out/>
  <testcase classname="testNGLearn.NewTestClass" name="validateUrl" time="0.517"/>
  <system-out/>
  <testcase classname="testNGLearn.NewTestClass" name="reachDashBoardPage" time="2.522"/>
  <system-out/>
</testsuite> <!-- testNGLearn.NewTestClass -->
