<?xml version="1.0" encoding="UTF-8"?>
<!-- Generated by org.testng.reporters.JUnitReportReporter -->
<testsuite hostname="LAPTOP-OM6DM447" failures="0" tests="2" name="ExcelltestScripts.importExcelTestData" time="0.555" errors="0" timestamp="2024-08-25T18:01:18 IST" skipped="0">
  <testcase classname="ExcelltestScripts.importExcelTestData" name="createOrg" time="0.530"/>
  <system-out/>
  <testcase classname="ExcelltestScripts.importExcelTestData" name="createOrgWithIndustry" time="0.025"/>
  <system-out/>
</testsuite> <!-- ExcelltestScripts.importExcelTestData -->
