<?xml version="1.0" encoding="UTF-8"?>
<!-- Generated by org.testng.reporters.JUnitReportReporter -->
<testsuite hostname="LAPTOP-OM6DM447" failures="0" tests="1" name="testNGLearn.NewTestClass" time="0.376" errors="0" timestamp="2024-08-25T00:26:01 IST" skipped="0">
  <testcase classname="testNGLearn.NewTestClass" name="validateDashboardPageContent" time="0.376"/>
  <system-out/>
</testsuite> <!-- testNGLearn.NewTestClass -->
