<?xml version="1.0" encoding="UTF-8"?>
<!-- Generated by org.testng.reporters.JUnitReportReporter -->
<testsuite hostname="LAPTOP-OM6DM447" failures="0" tests="1" name="AllureReport.TestCase2" time="0.070" errors="0" timestamp="2024-08-24T23:40:12 IST" skipped="0">
  <testcase classname="AllureReport.TestCase2" name="testMethod2" time="0.070"/>
  <system-out/>
</testsuite> <!-- AllureReport.TestCase2 -->
