<?xml version="1.0" encoding="UTF-8"?>
<!-- Generated by org.testng.reporters.JUnitReportReporter -->
<testsuite hostname="LAPTOP-OM6DM447" failures="0" tests="1" name="string.Split" time="0.010" errors="0" timestamp="2024-08-03T20:45:06 IST" skipped="0">
  <testcase classname="string.Split" name="split" time="0.010"/>
  <system-out/>
</testsuite> <!-- string.Split -->
