<?xml version="1.0" encoding="UTF-8"?>
<!-- Generated by org.testng.reporters.JUnitReportReporter -->
<testsuite hostname="LAPTOP-OM6DM447" failures="0" tests="1" name="testScripts.importExcelTestData" time="0.620" errors="0" timestamp="2024-08-25T17:51:04 IST" skipped="0">
  <testcase classname="testScripts.importExcelTestData" name="createOrg" time="0.620"/>
  <system-out/>
</testsuite> <!-- testScripts.importExcelTestData -->
