<?xml version="1.0" encoding="UTF-8"?>
<!-- Generated by org.testng.reporters.JUnitReportReporter -->
<testsuite hostname="LAPTOP-OM6DM447" failures="0" tests="4" name="testNGLearn.NewTestClass" time="5.920" errors="0" timestamp="2024-08-25T00:47:39 IST" skipped="0">
  <testcase classname="testNGLearn.NewTestClass" name="validateDashboardPageContent" time="1.029"/>
  <system-out/>
  <testcase classname="testNGLearn.NewTestClass" name="validateTitle" time="0.018"/>
  <system-out/>
  <testcase classname="testNGLearn.NewTestClass" name="validateUrl" time="1.939"/>
  <system-out/>
  <testcase classname="testNGLearn.NewTestClass" name="reachDashBoardPage" time="2.934"/>
  <system-out/>
</testsuite> <!-- testNGLearn.NewTestClass -->
