<?xml version="1.0" encoding="UTF-8"?>
<!-- Generated by org.testng.reporters.JUnitReportReporter -->
<testsuite hostname="LAPTOP-OM6DM447" failures="0" tests="3" name="testNGLearn.BaseClass" time="0.014" errors="0" timestamp="2024-08-02T18:14:43 IST" skipped="0">
  <testcase classname="testNGLearn.BaseClass" name="z" time="0.005"/>
  <system-out/>
  <testcase classname="testNGLearn.BaseClass" name="Test" time="0.008"/>
  <system-out/>
  <testcase classname="testNGLearn.BaseClass" name="x" time="0.001"/>
  <system-out/>
</testsuite> <!-- testNGLearn.BaseClass -->
