<?xml version="1.0" encoding="UTF-8"?>
<!-- Generated by org.testng.reporters.JUnitReportReporter -->
<testsuite hostname="LAPTOP-OM6DM447" failures="0" tests="1" name="HerokuApp.webdriverUse" time="0.731" errors="0" timestamp="2024-08-25T17:19:18 IST" skipped="0">
  <testcase classname="HerokuApp.webdriverUse" name="checkDragDrop" time="0.731"/>
  <system-out/>
</testsuite> <!-- HerokuApp.webdriverUse -->
