<?xml version="1.0" encoding="UTF-8"?>
<!-- Generated by org.testng.reporters.JUnitReportReporter -->
<testsuite hostname="LAPTOP-OM6DM447" failures="0" tests="1" name="AllureReport.TestCase2" time="0.076" errors="0" timestamp="2024-08-19T23:00:09 IST" skipped="0">
  <testcase classname="AllureReport.TestCase2" name="testMethod2" time="0.076"/>
  <system-out/>
</testsuite> <!-- AllureReport.TestCase2 -->
